<?xml version="1.0" encoding="UTF-8"?>
<testsuite name="com.github.anddd7.AuthorizationApiTest" tests="4" skipped="0" failures="0" errors="0" timestamp="2020-01-27T03:51:23" hostname="CNadliao.local" time="0.177">
  <properties/>
  <testcase name="should_Not_Access_Order_When_User_Dont_Have_Permission()" classname="com.github.anddd7.AuthorizationApiTest" time="0.125"/>
  <testcase name="should_Access_Order_When_User_Login_With_Permission()" classname="com.github.anddd7.AuthorizationApiTest" time="0.007"/>
  <testcase name="should_not_access_dashboard_when_user_have_not_login()" classname="com.github.anddd7.AuthorizationApiTest" time="0.011"/>
  <testcase name="should_Access_Dashboard_When_User_Login_With_Permission()" classname="com.github.anddd7.AuthorizationApiTest" time="0.028"/>
  <system-out><![CDATA[CONSOLE_LOG_PATTERN_IS_UNDEFINEDCONSOLE_LOG_PATTERN_IS_UNDEFINEDCONSOLE_LOG_PATTERN_IS_UNDEFINEDCONSOLE_LOG_PATTERN_IS_UNDEFINEDCONSOLE_LOG_PATTERN_IS_UNDEFINEDCONSOLE_LOG_PATTERN_IS_UNDEFINED
  .   ____          _            __ _ _
 /\\ / ___'_ __ _ _(_)_ __  __ _ \ \ \ \
( ( )\___ | '_ | '_| | '_ \/ _` | \ \ \ \
 \\/  ___)| |_)| | | | | || (_| |  ) ) ) )
  '  |____| .__|_| |_|_| |_\__, | / / / /
 =========|_|==============|___/=/_/_/_/
 :: Spring Boot ::        (v2.2.2.RELEASE)

CONSOLE_LOG_PATTERN_IS_UNDEFINEDCONSOLE_LOG_PATTERN_IS_UNDEFINEDCONSOLE_LOG_PATTERN_IS_UNDEFINEDCONSOLE_LOG_PATTERN_IS_UNDEFINEDCONSOLE_LOG_PATTERN_IS_UNDEFINEDCONSOLE_LOG_PATTERN_IS_UNDEFINEDCONSOLE_LOG_PATTERN_IS_UNDEFINEDCONSOLE_LOG_PATTERN_IS_UNDEFINEDCONSOLE_LOG_PATTERN_IS_UNDEFINEDCONSOLE_LOG_PATTERN_IS_UNDEFINEDCONSOLE_LOG_PATTERN_IS_UNDEFINEDCONSOLE_LOG_PATTERN_IS_UNDEFINEDCONSOLE_LOG_PATTERN_IS_UNDEFINEDCONSOLE_LOG_PATTERN_IS_UNDEFINEDCONSOLE_LOG_PATTERN_IS_UNDEFINEDCONSOLE_LOG_PATTERN_IS_UNDEFINEDCONSOLE_LOG_PATTERN_IS_UNDEFINEDCONSOLE_LOG_PATTERN_IS_UNDEFINEDCONSOLE_LOG_PATTERN_IS_UNDEFINEDCONSOLE_LOG_PATTERN_IS_UNDEFINEDCONSOLE_LOG_PATTERN_IS_UNDEFINEDCONSOLE_LOG_PATTERN_IS_UNDEFINEDCONSOLE_LOG_PATTERN_IS_UNDEFINED        ℹ︎ Checking the system...
        ✔ Docker version should be at least 1.6.0
        ✔ Docker environment should have more than 2GB free disk space
CONSOLE_LOG_PATTERN_IS_UNDEFINEDCONSOLE_LOG_PATTERN_IS_UNDEFINEDCONSOLE_LOG_PATTERN_IS_UNDEFINEDCONSOLE_LOG_PATTERN_IS_UNDEFINEDCONSOLE_LOG_PATTERN_IS_UNDEFINEDCONSOLE_LOG_PATTERN_IS_UNDEFINEDCONSOLE_LOG_PATTERN_IS_UNDEFINEDCONSOLE_LOG_PATTERN_IS_UNDEFINEDCONSOLE_LOG_PATTERN_IS_UNDEFINEDCONSOLE_LOG_PATTERN_IS_UNDEFINEDCONSOLE_LOG_PATTERN_IS_UNDEFINEDCONSOLE_LOG_PATTERN_IS_UNDEFINEDCONSOLE_LOG_PATTERN_IS_UNDEFINEDCONSOLE_LOG_PATTERN_IS_UNDEFINEDCONSOLE_LOG_PATTERN_IS_UNDEFINEDCONSOLE_LOG_PATTERN_IS_UNDEFINEDCONSOLE_LOG_PATTERN_IS_UNDEFINEDCONSOLE_LOG_PATTERN_IS_UNDEFINEDCONSOLE_LOG_PATTERN_IS_UNDEFINEDCONSOLE_LOG_PATTERN_IS_UNDEFINEDCONSOLE_LOG_PATTERN_IS_UNDEFINEDCONSOLE_LOG_PATTERN_IS_UNDEFINEDCONSOLE_LOG_PATTERN_IS_UNDEFINEDCONSOLE_LOG_PATTERN_IS_UNDEFINEDCONSOLE_LOG_PATTERN_IS_UNDEFINEDCONSOLE_LOG_PATTERN_IS_UNDEFINEDCONSOLE_LOG_PATTERN_IS_UNDEFINEDCONSOLE_LOG_PATTERN_IS_UNDEFINEDCONSOLE_LOG_PATTERN_IS_UNDEFINEDCONSOLE_LOG_PATTERN_IS_UNDEFINEDCONSOLE_LOG_PATTERN_IS_UNDEFINEDCONSOLE_LOG_PATTERN_IS_UNDEFINEDCONSOLE_LOG_PATTERN_IS_UNDEFINEDCONSOLE_LOG_PATTERN_IS_UNDEFINEDCONSOLE_LOG_PATTERN_IS_UNDEFINEDCONSOLE_LOG_PATTERN_IS_UNDEFINEDCONSOLE_LOG_PATTERN_IS_UNDEFINEDCONSOLE_LOG_PATTERN_IS_UNDEFINEDCONSOLE_LOG_PATTERN_IS_UNDEFINEDCONSOLE_LOG_PATTERN_IS_UNDEFINEDCONSOLE_LOG_PATTERN_IS_UNDEFINEDCONSOLE_LOG_PATTERN_IS_UNDEFINEDCONSOLE_LOG_PATTERN_IS_UNDEFINEDCONSOLE_LOG_PATTERN_IS_UNDEFINEDCONSOLE_LOG_PATTERN_IS_UNDEFINEDCONSOLE_LOG_PATTERN_IS_UNDEFINEDCONSOLE_LOG_PATTERN_IS_UNDEFINEDCONSOLE_LOG_PATTERN_IS_UNDEFINEDCONSOLE_LOG_PATTERN_IS_UNDEFINEDCONSOLE_LOG_PATTERN_IS_UNDEFINEDCONSOLE_LOG_PATTERN_IS_UNDEFINEDCONSOLE_LOG_PATTERN_IS_UNDEFINEDCONSOLE_LOG_PATTERN_IS_UNDEFINEDCONSOLE_LOG_PATTERN_IS_UNDEFINEDCONSOLE_LOG_PATTERN_IS_UNDEFINEDCONSOLE_LOG_PATTERN_IS_UNDEFINEDCONSOLE_LOG_PATTERN_IS_UNDEFINEDCONSOLE_LOG_PATTERN_IS_UNDEFINEDCONSOLE_LOG_PATTERN_IS_UNDEFINEDCONSOLE_LOG_PATTERN_IS_UNDEFINEDCONSOLE_LOG_PATTERN_IS_UNDEFINEDCONSOLE_LOG_PATTERN_IS_UNDEFINEDCONSOLE_LOG_PATTERN_IS_UNDEFINEDCONSOLE_LOG_PATTERN_IS_UNDEFINEDCONSOLE_LOG_PATTERN_IS_UNDEFINEDCONSOLE_LOG_PATTERN_IS_UNDEFINEDCONSOLE_LOG_PATTERN_IS_UNDEFINEDCONSOLE_LOG_PATTERN_IS_UNDEFINEDCONSOLE_LOG_PATTERN_IS_UNDEFINEDCONSOLE_LOG_PATTERN_IS_UNDEFINEDCONSOLE_LOG_PATTERN_IS_UNDEFINEDCONSOLE_LOG_PATTERN_IS_UNDEFINEDCONSOLE_LOG_PATTERN_IS_UNDEFINEDCONSOLE_LOG_PATTERN_IS_UNDEFINEDCONSOLE_LOG_PATTERN_IS_UNDEFINEDCONSOLE_LOG_PATTERN_IS_UNDEFINEDCONSOLE_LOG_PATTERN_IS_UNDEFINEDCONSOLE_LOG_PATTERN_IS_UNDEFINEDCONSOLE_LOG_PATTERN_IS_UNDEFINEDCONSOLE_LOG_PATTERN_IS_UNDEFINEDCONSOLE_LOG_PATTERN_IS_UNDEFINEDCONSOLE_LOG_PATTERN_IS_UNDEFINEDCONSOLE_LOG_PATTERN_IS_UNDEFINEDCONSOLE_LOG_PATTERN_IS_UNDEFINEDCONSOLE_LOG_PATTERN_IS_UNDEFINEDCONSOLE_LOG_PATTERN_IS_UNDEFINEDCONSOLE_LOG_PATTERN_IS_UNDEFINEDCONSOLE_LOG_PATTERN_IS_UNDEFINEDCONSOLE_LOG_PATTERN_IS_UNDEFINEDCONSOLE_LOG_PATTERN_IS_UNDEFINEDCONSOLE_LOG_PATTERN_IS_UNDEFINEDCONSOLE_LOG_PATTERN_IS_UNDEFINEDCONSOLE_LOG_PATTERN_IS_UNDEFINEDCONSOLE_LOG_PATTERN_IS_UNDEFINEDCONSOLE_LOG_PATTERN_IS_UNDEFINEDCONSOLE_LOG_PATTERN_IS_UNDEFINEDCONSOLE_LOG_PATTERN_IS_UNDEFINEDCONSOLE_LOG_PATTERN_IS_UNDEFINEDCONSOLE_LOG_PATTERN_IS_UNDEFINED]]></system-out>
  <system-err><![CDATA[]]></system-err>
</testsuite>
