<?xml version="1.0" encoding="UTF-8"?>
<testsuite name="com.github.anddd7.security.repository.AuthUserRoleRepositoryTest" tests="3" skipped="0" failures="0" errors="0" timestamp="2020-01-27T03:51:00" hostname="CNadliao.local" time="0.109">
  <properties/>
  <testcase name="should return all users and related roles()" classname="com.github.anddd7.security.repository.AuthUserRoleRepositoryTest" time="0.037"/>
  <testcase name="should return all roles and related users()" classname="com.github.anddd7.security.repository.AuthUserRoleRepositoryTest" time="0.033"/>
  <testcase name="should return roles with its parent and children()" classname="com.github.anddd7.security.repository.AuthUserRoleRepositoryTest" time="0.033"/>
  <system-out><![CDATA[CONSOLE_LOG_PATTERN_IS_UNDEFINEDCONSOLE_LOG_PATTERN_IS_UNDEFINEDCONSOLE_LOG_PATTERN_IS_UNDEFINEDCONSOLE_LOG_PATTERN_IS_UNDEFINEDCONSOLE_LOG_PATTERN_IS_UNDEFINEDCONSOLE_LOG_PATTERN_IS_UNDEFINEDCONSOLE_LOG_PATTERN_IS_UNDEFINEDHibernate: select authuser0_.id as id1_3_, authuser0_.name as name2_3_, authuser0_.role_id as role_id3_3_ from auth_user authuser0_
Hibernate: select authrole0_.id as id1_1_0_, authrole0_.name as name2_1_0_, authrole0_.parent_id as parent_i3_1_0_ from auth_role authrole0_ where authrole0_.id=?
Hibernate: select authrole0_.id as id1_1_0_, authrole0_.name as name2_1_0_, authrole0_.parent_id as parent_i3_1_0_ from auth_role authrole0_ where authrole0_.id=?
Hibernate: select authrole0_.id as id1_1_0_, authrole0_.name as name2_1_0_, authrole0_.parent_id as parent_i3_1_0_ from auth_role authrole0_ where authrole0_.id=?
CONSOLE_LOG_PATTERN_IS_UNDEFINEDCONSOLE_LOG_PATTERN_IS_UNDEFINEDHibernate: select authrole0_.id as id1_1_, authrole0_.name as name2_1_, authrole0_.parent_id as parent_i3_1_ from auth_role authrole0_
Hibernate: select users0_.role_id as role_id3_3_0_, users0_.id as id1_3_0_, users0_.id as id1_3_1_, users0_.name as name2_3_1_, users0_.role_id as role_id3_3_1_ from auth_user users0_ where users0_.role_id=?
Hibernate: select users0_.role_id as role_id3_3_0_, users0_.id as id1_3_0_, users0_.id as id1_3_1_, users0_.name as name2_3_1_, users0_.role_id as role_id3_3_1_ from auth_user users0_ where users0_.role_id=?
Hibernate: select users0_.role_id as role_id3_3_0_, users0_.id as id1_3_0_, users0_.id as id1_3_1_, users0_.name as name2_3_1_, users0_.role_id as role_id3_3_1_ from auth_user users0_ where users0_.role_id=?
CONSOLE_LOG_PATTERN_IS_UNDEFINEDCONSOLE_LOG_PATTERN_IS_UNDEFINEDHibernate: select authrole0_.id as id1_1_0_, authrole0_.name as name2_1_0_, authrole0_.parent_id as parent_i3_1_0_ from auth_role authrole0_ where authrole0_.id=?
Hibernate: select authrole0_.id as id1_1_0_, authrole0_.name as name2_1_0_, authrole0_.parent_id as parent_i3_1_0_ from auth_role authrole0_ where authrole0_.id=?
Hibernate: select children0_.parent_id as parent_i3_1_0_, children0_.id as id1_1_0_, children0_.id as id1_1_1_, children0_.name as name2_1_1_, children0_.parent_id as parent_i3_1_1_ from auth_role children0_ where children0_.parent_id=?
CONSOLE_LOG_PATTERN_IS_UNDEFINED]]></system-out>
  <system-err><![CDATA[]]></system-err>
</testsuite>
