<?xml version="1.0" encoding="UTF-8"?>
<testsuite name="com.github.anddd7.security.repository.AuthUserPermissionRepositoryTest" tests="2" skipped="0" failures="0" errors="0" timestamp="2020-01-27T03:50:59" hostname="CNadliao.local" time="0.288">
  <properties/>
  <testcase name="should allowed users of the permission()" classname="com.github.anddd7.security.repository.AuthUserPermissionRepositoryTest" time="0.242"/>
  <testcase name="should return whether role have the permission()" classname="com.github.anddd7.security.repository.AuthUserPermissionRepositoryTest" time="0.044"/>
  <system-out><![CDATA[CONSOLE_LOG_PATTERN_IS_UNDEFINEDCONSOLE_LOG_PATTERN_IS_UNDEFINEDCONSOLE_LOG_PATTERN_IS_UNDEFINEDCONSOLE_LOG_PATTERN_IS_UNDEFINEDCONSOLE_LOG_PATTERN_IS_UNDEFINEDCONSOLE_LOG_PATTERN_IS_UNDEFINED
  .   ____          _            __ _ _
 /\\ / ___'_ __ _ _(_)_ __  __ _ \ \ \ \
( ( )\___ | '_ | '_| | '_ \/ _` | \ \ \ \
 \\/  ___)| |_)| | | | | || (_| |  ) ) ) )
  '  |____| .__|_| |_|_| |_\__, | / / / /
 =========|_|==============|___/=/_/_/_/
 :: Spring Boot ::        (v2.2.2.RELEASE)

CONSOLE_LOG_PATTERN_IS_UNDEFINEDCONSOLE_LOG_PATTERN_IS_UNDEFINEDCONSOLE_LOG_PATTERN_IS_UNDEFINEDCONSOLE_LOG_PATTERN_IS_UNDEFINEDCONSOLE_LOG_PATTERN_IS_UNDEFINEDCONSOLE_LOG_PATTERN_IS_UNDEFINEDCONSOLE_LOG_PATTERN_IS_UNDEFINEDCONSOLE_LOG_PATTERN_IS_UNDEFINEDCONSOLE_LOG_PATTERN_IS_UNDEFINEDCONSOLE_LOG_PATTERN_IS_UNDEFINEDCONSOLE_LOG_PATTERN_IS_UNDEFINEDCONSOLE_LOG_PATTERN_IS_UNDEFINEDCONSOLE_LOG_PATTERN_IS_UNDEFINEDCONSOLE_LOG_PATTERN_IS_UNDEFINEDCONSOLE_LOG_PATTERN_IS_UNDEFINEDCONSOLE_LOG_PATTERN_IS_UNDEFINEDCONSOLE_LOG_PATTERN_IS_UNDEFINEDHibernate: select authpermis0_.code as code1_0_0_, authpermis0_.description as descript2_0_0_ from auth_permission authpermis0_ where authpermis0_.code=?
Hibernate: select rolerefs0_.permission_code as permissi1_2_0_, rolerefs0_.role_id as role_id2_2_0_, rolerefs0_.permission_code as permissi1_2_1_, rolerefs0_.role_id as role_id2_2_1_, rolerefs0_.expired_date as expired_3_2_1_ from auth_role_permission rolerefs0_ where rolerefs0_.permission_code=?
Hibernate: select authrole0_.id as id1_1_0_, authrole0_.name as name2_1_0_, authrole0_.parent_id as parent_i3_1_0_ from auth_role authrole0_ where authrole0_.id=?
Hibernate: select authrole0_.id as id1_1_0_, authrole0_.name as name2_1_0_, authrole0_.parent_id as parent_i3_1_0_ from auth_role authrole0_ where authrole0_.id=?
Hibernate: select children0_.parent_id as parent_i3_1_0_, children0_.id as id1_1_0_, children0_.id as id1_1_1_, children0_.name as name2_1_1_, children0_.parent_id as parent_i3_1_1_ from auth_role children0_ where children0_.parent_id=?
Hibernate: select children0_.parent_id as parent_i3_1_0_, children0_.id as id1_1_0_, children0_.id as id1_1_1_, children0_.name as name2_1_1_, children0_.parent_id as parent_i3_1_1_ from auth_role children0_ where children0_.parent_id=?
Hibernate: select users0_.role_id as role_id3_3_0_, users0_.id as id1_3_0_, users0_.id as id1_3_1_, users0_.name as name2_3_1_, users0_.role_id as role_id3_3_1_ from auth_user users0_ where users0_.role_id=?
Hibernate: select users0_.role_id as role_id3_3_0_, users0_.id as id1_3_0_, users0_.id as id1_3_1_, users0_.name as name2_3_1_, users0_.role_id as role_id3_3_1_ from auth_user users0_ where users0_.role_id=?
Hibernate: select users0_.role_id as role_id3_3_0_, users0_.id as id1_3_0_, users0_.id as id1_3_1_, users0_.name as name2_3_1_, users0_.role_id as role_id3_3_1_ from auth_user users0_ where users0_.role_id=?
Hibernate: select authpermis0_.code as code1_0_0_, authpermis0_.description as descript2_0_0_ from auth_permission authpermis0_ where authpermis0_.code=?
Hibernate: select rolerefs0_.permission_code as permissi1_2_0_, rolerefs0_.role_id as role_id2_2_0_, rolerefs0_.permission_code as permissi1_2_1_, rolerefs0_.role_id as role_id2_2_1_, rolerefs0_.expired_date as expired_3_2_1_ from auth_role_permission rolerefs0_ where rolerefs0_.permission_code=?
Hibernate: select children0_.parent_id as parent_i3_1_0_, children0_.id as id1_1_0_, children0_.id as id1_1_1_, children0_.name as name2_1_1_, children0_.parent_id as parent_i3_1_1_ from auth_role children0_ where children0_.parent_id=?
CONSOLE_LOG_PATTERN_IS_UNDEFINEDCONSOLE_LOG_PATTERN_IS_UNDEFINEDHibernate: select authuser0_.id as id1_3_0_, authuser0_.name as name2_3_0_, authuser0_.role_id as role_id3_3_0_ from auth_user authuser0_ where authuser0_.id=?
Hibernate: select authrole0_.id as id1_1_0_, authrole0_.name as name2_1_0_, authrole0_.parent_id as parent_i3_1_0_ from auth_role authrole0_ where authrole0_.id=?
Hibernate: select permission0_.role_id as role_id2_2_0_, permission0_.permission_code as permissi1_2_0_, permission0_.permission_code as permissi1_2_1_, permission0_.role_id as role_id2_2_1_, permission0_.expired_date as expired_3_2_1_ from auth_role_permission permission0_ where permission0_.role_id=?
Hibernate: select authpermis0_.code as code1_0_0_, authpermis0_.description as descript2_0_0_ from auth_permission authpermis0_ where authpermis0_.code=?
Hibernate: select authuser0_.id as id1_3_0_, authuser0_.name as name2_3_0_, authuser0_.role_id as role_id3_3_0_ from auth_user authuser0_ where authuser0_.id=?
Hibernate: select authrole0_.id as id1_1_0_, authrole0_.name as name2_1_0_, authrole0_.parent_id as parent_i3_1_0_ from auth_role authrole0_ where authrole0_.id=?
Hibernate: select permission0_.role_id as role_id2_2_0_, permission0_.permission_code as permissi1_2_0_, permission0_.permission_code as permissi1_2_1_, permission0_.role_id as role_id2_2_1_, permission0_.expired_date as expired_3_2_1_ from auth_role_permission permission0_ where permission0_.role_id=?
Hibernate: select authuser0_.id as id1_3_0_, authuser0_.name as name2_3_0_, authuser0_.role_id as role_id3_3_0_ from auth_user authuser0_ where authuser0_.id=?
Hibernate: select authrole0_.id as id1_1_0_, authrole0_.name as name2_1_0_, authrole0_.parent_id as parent_i3_1_0_ from auth_role authrole0_ where authrole0_.id=?
Hibernate: select permission0_.role_id as role_id2_2_0_, permission0_.permission_code as permissi1_2_0_, permission0_.permission_code as permissi1_2_1_, permission0_.role_id as role_id2_2_1_, permission0_.expired_date as expired_3_2_1_ from auth_role_permission permission0_ where permission0_.role_id=?
Hibernate: select authpermis0_.code as code1_0_0_, authpermis0_.description as descript2_0_0_ from auth_permission authpermis0_ where authpermis0_.code=?
CONSOLE_LOG_PATTERN_IS_UNDEFINED]]></system-out>
  <system-err><![CDATA[]]></system-err>
</testsuite>
